{
  "stats": {
    "suites": 1,
    "tests": 10,
    "passes": 10,
    "pending": 0,
    "failures": 0,
    "start": "2022-01-24T15:50:19.315Z",
    "end": "2022-01-24T15:50:40.789Z",
    "duration": 21474,
    "testsRegistered": 10,
    "passPercent": 100,
    "pendingPercent": 0,
    "other": 0,
    "hasOther": false,
    "skipped": 0,
    "hasSkipped": false
  },
  "results": [
    {
      "uuid": "919cef45-08fb-4286-8a01-6fed9117f232",
      "title": "",
      "fullFile": "cypress/integration/tests/SauceDemoWeb.js",
      "file": "cypress/integration/tests/SauceDemoWeb.js",
      "beforeHooks": [],
      "afterHooks": [],
      "tests": [
        {
          "title": "Test01 - Verify Products Page Title",
          "fullTitle": "Test01 - Verify Products Page Title",
          "timedOut": null,
          "duration": 2855,
          "state": "passed",
          "speed": "fast",
          "pass": true,
          "fail": false,
          "pending": false,
          "context": null,
          "code": "verifications.verifyTextInElement(managePages.sauceDemoSecondaryHeader.header_secondary_title, \"Products\");",
          "err": {},
          "uuid": "6f4f6607-179c-449b-b3cd-bfdcb7af8682",
          "parentUUID": "919cef45-08fb-4286-8a01-6fed9117f232",
          "isHook": false,
          "skipped": false
        },
        {
          "title": "Test02 - Verify Items Number",
          "fullTitle": "Test02 - Verify Items Number",
          "timedOut": null,
          "duration": 1179,
          "state": "passed",
          "speed": "fast",
          "pass": true,
          "fail": false,
          "pending": false,
          "context": null,
          "code": "verifications.verifyNumberOfElements(managePages.sauceDemoInventoryPage.inventory_item, 6);",
          "err": {},
          "uuid": "074c368a-51d7-40b7-9afc-07e348572bb0",
          "parentUUID": "919cef45-08fb-4286-8a01-6fed9117f232",
          "isHook": false,
          "skipped": false
        },
        {
          "title": "Test03 - Add and Remove Item Testing",
          "fullTitle": "Test03 - Add and Remove Item Testing",
          "timedOut": null,
          "duration": 1620,
          "state": "passed",
          "speed": "fast",
          "pass": true,
          "fail": false,
          "pending": false,
          "context": null,
          "code": "webFlows.addItem(\"Sauce Labs Backpack\");\nwebFlows.addItem(\"Sauce Labs Bolt T-Shirt\");\nwebFlows.removeItem(\"Sauce Labs Bolt T-Shirt\");\nverifications.verifyTextInElement(managePages.saucePrimaryHeader.shopping_cart_badge, 1);\nwebFlows.removeItem(\"Sauce Labs Backpack\");",
          "err": {},
          "uuid": "878443c5-4ff9-48bc-b898-296c540c9b97",
          "parentUUID": "919cef45-08fb-4286-8a01-6fed9117f232",
          "isHook": false,
          "skipped": false
        },
        {
          "title": "Test04 - Verify low to high sorting items",
          "fullTitle": "Test04 - Verify low to high sorting items",
          "timedOut": null,
          "duration": 1280,
          "state": "passed",
          "speed": "fast",
          "pass": true,
          "fail": false,
          "pending": false,
          "context": null,
          "code": "UIactions.select(managePages.sauceDemoInventoryPage.product_sort, \"Price (low to high)\");\nverifications.verifyPriceSorting(managePages.sauceDemoInventoryPage.inventory_item_price, \"asc\");",
          "err": {},
          "uuid": "5803fbac-d0bf-4670-b39b-eb706f753634",
          "parentUUID": "919cef45-08fb-4286-8a01-6fed9117f232",
          "isHook": false,
          "skipped": false
        },
        {
          "title": "Test05 - Verify high to low sorting items",
          "fullTitle": "Test05 - Verify high to low sorting items",
          "timedOut": null,
          "duration": 1407,
          "state": "passed",
          "speed": "fast",
          "pass": true,
          "fail": false,
          "pending": false,
          "context": null,
          "code": "UIactions.select(managePages.sauceDemoInventoryPage.product_sort, \"Price (high to low)\");\nverifications.verifyPriceSorting(managePages.sauceDemoInventoryPage.inventory_item_price, \"desc\");",
          "err": {},
          "uuid": "725d3a05-b781-41ae-9d3b-e4fae31b0960",
          "parentUUID": "919cef45-08fb-4286-8a01-6fed9117f232",
          "isHook": false,
          "skipped": false
        },
        {
          "title": "Test06 - Verify visibility of items",
          "fullTitle": "Test06 - Verify visibility of items",
          "timedOut": null,
          "duration": 1295,
          "state": "passed",
          "speed": "fast",
          "pass": true,
          "fail": false,
          "pending": false,
          "context": null,
          "code": "verifications.verifyElementsDisplay(managePages.sauceDemoInventoryPage.inventory_item);",
          "err": {},
          "uuid": "16d01a39-d920-4953-a096-20b47c90ba26",
          "parentUUID": "919cef45-08fb-4286-8a01-6fed9117f232",
          "isHook": false,
          "skipped": false
        },
        {
          "title": "Test07 - Verify Primary Header Logo Using Visual Testing",
          "fullTitle": "Test07 - Verify Primary Header Logo Using Visual Testing",
          "timedOut": null,
          "duration": 1725,
          "state": "passed",
          "speed": "fast",
          "pass": true,
          "fail": false,
          "pending": false,
          "context": null,
          "code": "verifications.visualElement(managePages.saucePrimaryHeader.app_logo);",
          "err": {},
          "uuid": "59a5cb59-8411-4286-9c7d-dbb970d02c01",
          "parentUUID": "919cef45-08fb-4286-8a01-6fed9117f232",
          "isHook": false,
          "skipped": false
        },
        {
          "title": "Test08 - Checkout Cart Testing",
          "fullTitle": "Test08 - Checkout Cart Testing",
          "timedOut": null,
          "duration": 2552,
          "state": "passed",
          "speed": "fast",
          "pass": true,
          "fail": false,
          "pending": false,
          "context": null,
          "code": "webFlows.addItem(\"Sauce Labs Backpack\");\nwebFlows.goToCheckOut(\"Lior\", \"Cohen\", \"454545\");\nUIactions.click(managePages.sauceCheckoutOverview.btn_finish);\nverifications.verifyTextInElement(managePages.sauceCheckoutComplete.complete_header, \"THANK YOU FOR YOUR ORDER\");",
          "err": {},
          "uuid": "5b8dcba4-f06e-4c75-8768-d941daba65ff",
          "parentUUID": "919cef45-08fb-4286-8a01-6fed9117f232",
          "isHook": false,
          "skipped": false
        }
      ],
      "suites": [
        {
          "uuid": "b4b97d3d-66bc-4ab5-876e-8dd0b1792a62",
          "title": "Testing Using DDT",
          "fullFile": "",
          "file": "",
          "beforeHooks": [],
          "afterHooks": [],
          "tests": [
            {
              "title": "Test01 - Verify Item Exists In Cart",
              "fullTitle": "Testing Using DDT Test01 - Verify Item Exists In Cart",
              "timedOut": null,
              "duration": 1788,
              "state": "passed",
              "speed": "fast",
              "pass": true,
              "fail": false,
              "pending": false,
              "context": null,
              "code": "cy.fixture('items').then(function (items) {\n  items.forEach(item => {\n    webFlows.addItem(item.name);\n  });\n  UIactions.click(managePages.saucePrimaryHeader.shopping_cart_link);\n  items.forEach(item => {\n    verifications.verifyElementTitleExists(item.name);\n  });\n});",
              "err": {},
              "uuid": "b6e5eb98-1c30-405b-9cfb-a713e6fc3ceb",
              "parentUUID": "b4b97d3d-66bc-4ab5-876e-8dd0b1792a62",
              "isHook": false,
              "skipped": false
            },
            {
              "title": "Test02 - Verify Total Price In Cart",
              "fullTitle": "Testing Using DDT Test02 - Verify Total Price In Cart",
              "timedOut": null,
              "duration": 2708,
              "state": "passed",
              "speed": "fast",
              "pass": true,
              "fail": false,
              "pending": false,
              "context": null,
              "code": "cy.fixture('items').then(function (items) {\n  let totalPrice = 0;\n  for (let i = 0; i < 4; i++) {\n    webFlows.addItem(items[i].name);\n    totalPrice += items[i].price;\n  }\n  webFlows.goToCheckOut(\"Lior\", \"Cohen\", \"454545\");\n  managePages.sauceCheckoutOverview.total_price.invoke('text').then(total_txt => {\n    // get price and tax from the website\n    managePages.sauceCheckoutOverview.tax_price.invoke('text').then(tax_txt => {\n      let totalCartPrice = parseFloat(total_txt.split(\"$\")[1]);\n      let tax = parseFloat(tax_txt.split(\"$\")[1]);\n      assert.equal(totalCartPrice, totalPrice + tax);\n    });\n  });\n});",
              "err": {},
              "uuid": "33a3d550-fc97-4d70-8859-5feff54d6c67",
              "parentUUID": "b4b97d3d-66bc-4ab5-876e-8dd0b1792a62",
              "isHook": false,
              "skipped": false
            }
          ],
          "suites": [],
          "passes": [
            "b6e5eb98-1c30-405b-9cfb-a713e6fc3ceb",
            "33a3d550-fc97-4d70-8859-5feff54d6c67"
          ],
          "failures": [],
          "pending": [],
          "skipped": [],
          "duration": 4496,
          "root": false,
          "rootEmpty": false,
          "_timeout": 2000
        }
      ],
      "passes": [
        "6f4f6607-179c-449b-b3cd-bfdcb7af8682",
        "074c368a-51d7-40b7-9afc-07e348572bb0",
        "878443c5-4ff9-48bc-b898-296c540c9b97",
        "5803fbac-d0bf-4670-b39b-eb706f753634",
        "725d3a05-b781-41ae-9d3b-e4fae31b0960",
        "16d01a39-d920-4953-a096-20b47c90ba26",
        "59a5cb59-8411-4286-9c7d-dbb970d02c01",
        "5b8dcba4-f06e-4c75-8768-d941daba65ff"
      ],
      "failures": [],
      "pending": [],
      "skipped": [],
      "duration": 13913,
      "root": true,
      "rootEmpty": false,
      "_timeout": 2000
    }
  ],
  "meta": {
    "mocha": {
      "version": "7.0.1"
    },
    "mochawesome": {
      "options": {
        "quiet": false,
        "reportFilename": "mochawesome",
        "saveHtml": false,
        "saveJson": true,
        "consoleReporter": "spec",
        "useInlineDiffs": false,
        "code": true
      },
      "version": "7.0.1"
    },
    "marge": {
      "options": {
        "charts": true,
        "overwrite": false,
        "html": false,
        "json": true,
        "reportDir": "cypress/reports"
      },
      "version": "6.0.1"
    }
  }
}